  [1m[35m (742.2ms)[0m  [1m[35mCREATE DATABASE "rails_quotes_api_development" ENCODING = 'unicode'[0m
  ↳ bin/rails:9
  [1m[35m (399.5ms)[0m  [1m[35mCREATE DATABASE "rails_quotes_api_test" ENCODING = 'unicode'[0m
  ↳ bin/rails:9
  [1m[35m (29.9ms)[0m  [1m[35mCREATE TABLE "schema_migrations" ("version" character varying NOT NULL PRIMARY KEY)[0m
  ↳ bin/rails:9
  [1m[35m (50.9ms)[0m  [1m[35mCREATE TABLE "ar_internal_metadata" ("key" character varying NOT NULL PRIMARY KEY, "value" character varying, "created_at" timestamp NOT NULL, "updated_at" timestamp NOT NULL)[0m
  ↳ bin/rails:9
  [1m[35m (28.3ms)[0m  [1m[34mSELECT pg_try_advisory_lock(4927750025243567655)[0m
  ↳ bin/rails:9
  [1m[35m (3.4ms)[0m  [1m[34mSELECT "schema_migrations"."version" FROM "schema_migrations" ORDER BY "schema_migrations"."version" ASC[0m
  ↳ bin/rails:9
Migrating to CreateQuotes (20190528150008)
  [1m[35m (41.6ms)[0m  [1m[35mBEGIN[0m
  ↳ bin/rails:9
  [1m[35m (31.1ms)[0m  [1m[35mCREATE TABLE "quotes" ("id" bigserial primary key, "author" character varying, "content" text, "category" character varying, "created_at" timestamp NOT NULL, "updated_at" timestamp NOT NULL)[0m
  ↳ db/migrate/20190528150008_create_quotes.rb:3
  [1m[36mActiveRecord::SchemaMigration Create (4.1ms)[0m  [1m[32mINSERT INTO "schema_migrations" ("version") VALUES ($1) RETURNING "version"[0m  [["version", "20190528150008"]]
  ↳ bin/rails:9
  [1m[35m (2.9ms)[0m  [1m[35mCOMMIT[0m
  ↳ bin/rails:9
  [1m[36mActiveRecord::InternalMetadata Load (0.7ms)[0m  [1m[34mSELECT  "ar_internal_metadata".* FROM "ar_internal_metadata" WHERE "ar_internal_metadata"."key" = $1 LIMIT $2[0m  [["key", "environment"], ["LIMIT", 1]]
  ↳ bin/rails:9
  [1m[35m (0.3ms)[0m  [1m[35mBEGIN[0m
  ↳ bin/rails:9
  [1m[36mActiveRecord::InternalMetadata Create (43.7ms)[0m  [1m[32mINSERT INTO "ar_internal_metadata" ("key", "value", "created_at", "updated_at") VALUES ($1, $2, $3, $4) RETURNING "key"[0m  [["key", "environment"], ["value", "development"], ["created_at", "2019-05-28 15:00:33.382641"], ["updated_at", "2019-05-28 15:00:33.382641"]]
  ↳ bin/rails:9
  [1m[35m (2.4ms)[0m  [1m[35mCOMMIT[0m
  ↳ bin/rails:9
  [1m[35m (0.5ms)[0m  [1m[34mSELECT pg_advisory_unlock(4927750025243567655)[0m
  ↳ bin/rails:9
  [1m[35m (0.5ms)[0m  [1m[34mSELECT "schema_migrations"."version" FROM "schema_migrations" ORDER BY "schema_migrations"."version" ASC[0m
  ↳ bin/rails:9
Started GET "/" for ::1 at 2019-05-28 11:01:02 -0400
  [1m[35m (1.1ms)[0m  [1m[34mSELECT "schema_migrations"."version" FROM "schema_migrations" ORDER BY "schema_migrations"."version" ASC[0m
  ↳ /Users/student_ga124/.rbenv/versions/2.6.3/lib/ruby/gems/2.6.0/gems/activerecord-5.2.3/lib/active_record/log_subscriber.rb:98
Processing by Rails::WelcomeController#index as HTML
  Rendering /Users/student_ga124/.rbenv/versions/2.6.3/lib/ruby/gems/2.6.0/gems/railties-5.2.3/lib/rails/templates/rails/welcome/index.html.erb
  Rendered /Users/student_ga124/.rbenv/versions/2.6.3/lib/ruby/gems/2.6.0/gems/railties-5.2.3/lib/rails/templates/rails/welcome/index.html.erb (5.8ms)
Completed 200 OK in 25ms (Views: 20.0ms | ActiveRecord: 0.0ms)


Started GET "/favicon.ico" for ::1 at 2019-05-28 11:01:03 -0400
  
ActionController::RoutingError (No route matches [GET] "/favicon.ico"):
  
actionpack (5.2.3) lib/action_dispatch/middleware/debug_exceptions.rb:65:in `call'
actionpack (5.2.3) lib/action_dispatch/middleware/show_exceptions.rb:33:in `call'
railties (5.2.3) lib/rails/rack/logger.rb:38:in `call_app'
railties (5.2.3) lib/rails/rack/logger.rb:26:in `block in call'
activesupport (5.2.3) lib/active_support/tagged_logging.rb:71:in `block in tagged'
activesupport (5.2.3) lib/active_support/tagged_logging.rb:28:in `tagged'
activesupport (5.2.3) lib/active_support/tagged_logging.rb:71:in `tagged'
railties (5.2.3) lib/rails/rack/logger.rb:26:in `call'
actionpack (5.2.3) lib/action_dispatch/middleware/remote_ip.rb:81:in `call'
actionpack (5.2.3) lib/action_dispatch/middleware/request_id.rb:27:in `call'
rack (2.0.7) lib/rack/runtime.rb:22:in `call'
activesupport (5.2.3) lib/active_support/cache/strategy/local_cache_middleware.rb:29:in `call'
actionpack (5.2.3) lib/action_dispatch/middleware/executor.rb:14:in `call'
actionpack (5.2.3) lib/action_dispatch/middleware/static.rb:127:in `call'
rack (2.0.7) lib/rack/sendfile.rb:111:in `call'
railties (5.2.3) lib/rails/engine.rb:524:in `call'
puma (3.12.1) lib/puma/configuration.rb:227:in `call'
puma (3.12.1) lib/puma/server.rb:660:in `handle_request'
puma (3.12.1) lib/puma/server.rb:474:in `process_client'
puma (3.12.1) lib/puma/server.rb:334:in `block in run'
puma (3.12.1) lib/puma/thread_pool.rb:135:in `block in spawn_thread'
  [1m[35m (0.7ms)[0m  [1m[34mSELECT "schema_migrations"."version" FROM "schema_migrations" ORDER BY "schema_migrations"."version" ASC[0m
  ↳ bin/rails:9
  [1m[35m (0.2ms)[0m  [1m[35mBEGIN[0m
  ↳ db/seeds.rb:120
  [1m[36mQuote Create (841.4ms)[0m  [1m[32mINSERT INTO "quotes" ("author", "content", "category", "created_at", "updated_at") VALUES ($1, $2, $3, $4, $5) RETURNING "id"[0m  [["author", "Unknown"], ["content", "Sometimes you win, sometimes you learn."], ["category", "motivational"], ["created_at", "2019-05-28 15:02:50.860997"], ["updated_at", "2019-05-28 15:02:50.860997"]]
  ↳ db/seeds.rb:120
  [1m[35m (201.8ms)[0m  [1m[35mCOMMIT[0m
  ↳ db/seeds.rb:120
  [1m[35m (0.2ms)[0m  [1m[35mBEGIN[0m
  ↳ db/seeds.rb:120
  [1m[36mQuote Create (0.6ms)[0m  [1m[32mINSERT INTO "quotes" ("author", "content", "category", "created_at", "updated_at") VALUES ($1, $2, $3, $4, $5) RETURNING "id"[0m  [["author", "Yoda"], ["content", "Do or do not, there is no try."], ["category", "motivational"], ["created_at", "2019-05-28 15:02:51.908155"], ["updated_at", "2019-05-28 15:02:51.908155"]]
  ↳ db/seeds.rb:120
  [1m[35m (199.3ms)[0m  [1m[35mCOMMIT[0m
  ↳ db/seeds.rb:120
  [1m[35m (0.1ms)[0m  [1m[35mBEGIN[0m
  ↳ db/seeds.rb:120
  [1m[36mQuote Create (0.3ms)[0m  [1m[32mINSERT INTO "quotes" ("author", "content", "category", "created_at", "updated_at") VALUES ($1, $2, $3, $4, $5) RETURNING "id"[0m  [["author", "Unknown"], ["content", "A simple 'Hello' could lead to a million things."], ["category", "motivational"], ["created_at", "2019-05-28 15:02:52.110896"], ["updated_at", "2019-05-28 15:02:52.110896"]]
  ↳ db/seeds.rb:120
  [1m[35m (201.0ms)[0m  [1m[35mCOMMIT[0m
  ↳ db/seeds.rb:120
  [1m[35m (0.1ms)[0m  [1m[35mBEGIN[0m
  ↳ db/seeds.rb:120
  [1m[36mQuote Create (0.3ms)[0m  [1m[32mINSERT INTO "quotes" ("author", "content", "category", "created_at", "updated_at") VALUES ($1, $2, $3, $4, $5) RETURNING "id"[0m  [["author", "Helen Hayes"], ["content", "The expert at anything was once a beginner."], ["category", "education"], ["created_at", "2019-05-28 15:02:52.313834"], ["updated_at", "2019-05-28 15:02:52.313834"]]
  ↳ db/seeds.rb:120
  [1m[35m (79.8ms)[0m  [1m[35mCOMMIT[0m
  ↳ db/seeds.rb:120
  [1m[35m (0.3ms)[0m  [1m[35mBEGIN[0m
  ↳ db/seeds.rb:120
  [1m[36mQuote Create (0.8ms)[0m  [1m[32mINSERT INTO "quotes" ("author", "content", "category", "created_at", "updated_at") VALUES ($1, $2, $3, $4, $5) RETURNING "id"[0m  [["author", "CS Lewis"], ["content", "You are never too old to get a new goal or dream a new dream!"], ["category", "motivational"], ["created_at", "2019-05-28 15:02:52.396834"], ["updated_at", "2019-05-28 15:02:52.396834"]]
  ↳ db/seeds.rb:120
  [1m[35m (1.1ms)[0m  [1m[35mCOMMIT[0m
  ↳ db/seeds.rb:120
  [1m[35m (0.2ms)[0m  [1m[35mBEGIN[0m
  ↳ db/seeds.rb:120
  [1m[36mQuote Create (0.4ms)[0m  [1m[32mINSERT INTO "quotes" ("author", "content", "category", "created_at", "updated_at") VALUES ($1, $2, $3, $4, $5) RETURNING "id"[0m  [["author", "Unknown"], ["content", "If you want something you never had, you have to do something you've never done!"], ["category", "motivational"], ["created_at", "2019-05-28 15:02:52.402248"], ["updated_at", "2019-05-28 15:02:52.402248"]]
  ↳ db/seeds.rb:120
  [1m[35m (0.8ms)[0m  [1m[35mCOMMIT[0m
  ↳ db/seeds.rb:120
  [1m[35m (0.2ms)[0m  [1m[35mBEGIN[0m
  ↳ db/seeds.rb:120
  [1m[36mQuote Create (1.2ms)[0m  [1m[32mINSERT INTO "quotes" ("author", "content", "category", "created_at", "updated_at") VALUES ($1, $2, $3, $4, $5) RETURNING "id"[0m  [["author", "Frank Chimero"], ["content", "Getting to know a problem is a bit like getting to know a person: it's a gradual process that requires patience, and there is no state of completion. You can never know the full of a problem, because there is never comprehensive information available. You have to simply draw the line somewhere and make up the rest as you go along."], ["category", "design"], ["created_at", "2019-05-28 15:02:52.406015"], ["updated_at", "2019-05-28 15:02:52.406015"]]
  ↳ db/seeds.rb:120
  [1m[35m (3.3ms)[0m  [1m[35mCOMMIT[0m
  ↳ db/seeds.rb:120
  [1m[35m (0.2ms)[0m  [1m[35mBEGIN[0m
  ↳ db/seeds.rb:120
  [1m[36mQuote Create (0.3ms)[0m  [1m[32mINSERT INTO "quotes" ("author", "content", "category", "created_at", "updated_at") VALUES ($1, $2, $3, $4, $5) RETURNING "id"[0m  [["author", "Pablo Picasso"], ["content", "Others have seen what is and asked why. I have seen what could be and asked why not?"], ["category", "design"], ["created_at", "2019-05-28 15:02:52.412501"], ["updated_at", "2019-05-28 15:02:52.412501"]]
  ↳ db/seeds.rb:120
  [1m[35m (2.1ms)[0m  [1m[35mCOMMIT[0m
  ↳ db/seeds.rb:120
  [1m[35m (0.2ms)[0m  [1m[35mBEGIN[0m
  ↳ db/seeds.rb:120
  [1m[36mQuote Create (0.3ms)[0m  [1m[32mINSERT INTO "quotes" ("author", "content", "category", "created_at", "updated_at") VALUES ($1, $2, $3, $4, $5) RETURNING "id"[0m  [["author", "Italo Calvino"], ["content", "Who are we, who is each one of us, if not a combinatoria of experiences, information, books we have read, things imagined?"], ["category", "literary"], ["created_at", "2019-05-28 15:02:52.417054"], ["updated_at", "2019-05-28 15:02:52.417054"]]
  ↳ db/seeds.rb:120
  [1m[35m (2.2ms)[0m  [1m[35mCOMMIT[0m
  ↳ db/seeds.rb:120
  [1m[35m (0.2ms)[0m  [1m[35mBEGIN[0m
  ↳ db/seeds.rb:120
  [1m[36mQuote Create (0.3ms)[0m  [1m[32mINSERT INTO "quotes" ("author", "content", "category", "created_at", "updated_at") VALUES ($1, $2, $3, $4, $5) RETURNING "id"[0m  [["author", "T.S. Eliot"], ["content", "Who are only undefeated / Because we have gone on trying"], ["category", "poetry"], ["created_at", "2019-05-28 15:02:52.421159"], ["updated_at", "2019-05-28 15:02:52.421159"]]
  ↳ db/seeds.rb:120
  [1m[35m (4.7ms)[0m  [1m[35mCOMMIT[0m
  ↳ db/seeds.rb:120
  [1m[35m (0.1ms)[0m  [1m[35mBEGIN[0m
  ↳ db/seeds.rb:120
  [1m[36mQuote Create (0.3ms)[0m  [1m[32mINSERT INTO "quotes" ("author", "content", "category", "created_at", "updated_at") VALUES ($1, $2, $3, $4, $5) RETURNING "id"[0m  [["author", "Samuel Beckett"], ["content", "In search of the difficulty rather than in its clutch. The disquiet of him who lacks an adversary."], ["category", "literary"], ["created_at", "2019-05-28 15:02:52.427696"], ["updated_at", "2019-05-28 15:02:52.427696"]]
  ↳ db/seeds.rb:120
  [1m[35m (2.2ms)[0m  [1m[35mCOMMIT[0m
  ↳ db/seeds.rb:120
  [1m[35m (0.3ms)[0m  [1m[35mBEGIN[0m
  ↳ db/seeds.rb:120
  [1m[36mQuote Create (0.4ms)[0m  [1m[32mINSERT INTO "quotes" ("author", "content", "category", "created_at", "updated_at") VALUES ($1, $2, $3, $4, $5) RETURNING "id"[0m  [["author", "Hunter S. Thompson"], ["content", "When the going gets weird, the weird turn pro."], ["category", "gonzo"], ["created_at", "2019-05-28 15:02:52.432348"], ["updated_at", "2019-05-28 15:02:52.432348"]]
  ↳ db/seeds.rb:120
  [1m[35m (2.2ms)[0m  [1m[35mCOMMIT[0m
  ↳ db/seeds.rb:120
  [1m[35m (0.2ms)[0m  [1m[35mBEGIN[0m
  ↳ db/seeds.rb:120
  [1m[36mQuote Create (0.3ms)[0m  [1m[32mINSERT INTO "quotes" ("author", "content", "category", "created_at", "updated_at") VALUES ($1, $2, $3, $4, $5) RETURNING "id"[0m  [["author", "Frank Herbert"], ["content", "Truth suffers from too much analysis."], ["category", "philosophical"], ["created_at", "2019-05-28 15:02:52.436675"], ["updated_at", "2019-05-28 15:02:52.436675"]]
  ↳ db/seeds.rb:120
  [1m[35m (2.2ms)[0m  [1m[35mCOMMIT[0m
  ↳ db/seeds.rb:120
  [1m[35m (0.2ms)[0m  [1m[35mBEGIN[0m
  ↳ db/seeds.rb:120
  [1m[36mQuote Create (0.7ms)[0m  [1m[32mINSERT INTO "quotes" ("author", "content", "category", "created_at", "updated_at") VALUES ($1, $2, $3, $4, $5) RETURNING "id"[0m  [["author", "Max Bruinsma"], ["content", "Over and over again, a thousand voices shout: No Image! No Message!"], ["category", "design"], ["created_at", "2019-05-28 15:02:52.441101"], ["updated_at", "2019-05-28 15:02:52.441101"]]
  ↳ db/seeds.rb:120
  [1m[35m (2.2ms)[0m  [1m[35mCOMMIT[0m
  ↳ db/seeds.rb:120
  [1m[35m (0.2ms)[0m  [1m[35mBEGIN[0m
  ↳ db/seeds.rb:120
  [1m[36mQuote Create (0.3ms)[0m  [1m[32mINSERT INTO "quotes" ("author", "content", "category", "created_at", "updated_at") VALUES ($1, $2, $3, $4, $5) RETURNING "id"[0m  [["author", "Jeff VanderMeer"], ["content", "A circle looks at a square and sees a badly made circle."], ["category", "design"], ["created_at", "2019-05-28 15:02:52.446091"], ["updated_at", "2019-05-28 15:02:52.446091"]]
  ↳ db/seeds.rb:120
  [1m[35m (2.1ms)[0m  [1m[35mCOMMIT[0m
  ↳ db/seeds.rb:120
  [1m[35m (0.3ms)[0m  [1m[35mBEGIN[0m
  ↳ db/seeds.rb:120
  [1m[36mQuote Create (0.3ms)[0m  [1m[32mINSERT INTO "quotes" ("author", "content", "category", "created_at", "updated_at") VALUES ($1, $2, $3, $4, $5) RETURNING "id"[0m  [["author", "Ludwig Wittgenstein"], ["content", "The aspects of things that are most important for us are hidden because of their simplicity and familiarity."], ["category", "philosophical"], ["created_at", "2019-05-28 15:02:52.450614"], ["updated_at", "2019-05-28 15:02:52.450614"]]
  ↳ db/seeds.rb:120
  [1m[35m (2.2ms)[0m  [1m[35mCOMMIT[0m
  ↳ db/seeds.rb:120
  [1m[35m (0.2ms)[0m  [1m[35mBEGIN[0m
  ↳ db/seeds.rb:120
  [1m[36mQuote Create (1.0ms)[0m  [1m[32mINSERT INTO "quotes" ("author", "content", "category", "created_at", "updated_at") VALUES ($1, $2, $3, $4, $5) RETURNING "id"[0m  [["author", "lord krunkington iii"], ["content", "All struggle is against impermanence."], ["category", "philosophical"], ["created_at", "2019-05-28 15:02:52.455089"], ["updated_at", "2019-05-28 15:02:52.455089"]]
  ↳ db/seeds.rb:120
  [1m[35m (2.1ms)[0m  [1m[35mCOMMIT[0m
  ↳ db/seeds.rb:120
  [1m[35m (0.1ms)[0m  [1m[35mBEGIN[0m
  ↳ db/seeds.rb:120
  [1m[36mQuote Create (0.4ms)[0m  [1m[32mINSERT INTO "quotes" ("author", "content", "category", "created_at", "updated_at") VALUES ($1, $2, $3, $4, $5) RETURNING "id"[0m  [["author", "Brion Gysin"], ["content", "All language is mystification, and everything is fiction."], ["category", "literary"], ["created_at", "2019-05-28 15:02:52.460155"], ["updated_at", "2019-05-28 15:02:52.460155"]]
  ↳ db/seeds.rb:120
  [1m[35m (1.5ms)[0m  [1m[35mCOMMIT[0m
  ↳ db/seeds.rb:120
  [1m[35m (0.2ms)[0m  [1m[35mBEGIN[0m
  ↳ db/seeds.rb:120
  [1m[36mQuote Create (0.3ms)[0m  [1m[32mINSERT INTO "quotes" ("author", "content", "category", "created_at", "updated_at") VALUES ($1, $2, $3, $4, $5) RETURNING "id"[0m  [["author", "William Burroughs"], ["content", "A place where the unknown past and the emergent future meet in a vibrating soundless hum."], ["category", "philosophical"], ["created_at", "2019-05-28 15:02:52.463876"], ["updated_at", "2019-05-28 15:02:52.463876"]]
  ↳ db/seeds.rb:120
  [1m[35m (2.1ms)[0m  [1m[35mCOMMIT[0m
  ↳ db/seeds.rb:120
  [1m[35m (0.1ms)[0m  [1m[35mBEGIN[0m
  ↳ db/seeds.rb:120
  [1m[36mQuote Create (0.3ms)[0m  [1m[32mINSERT INTO "quotes" ("author", "content", "category", "created_at", "updated_at") VALUES ($1, $2, $3, $4, $5) RETURNING "id"[0m  [["author", "Fractalontology"], ["content", "A slow-fade into the silent, imperceptible, ceaseless procession of the stars."], ["category", "poetry"], ["created_at", "2019-05-28 15:02:52.467759"], ["updated_at", "2019-05-28 15:02:52.467759"]]
  ↳ db/seeds.rb:120
  [1m[35m (2.2ms)[0m  [1m[35mCOMMIT[0m
  ↳ db/seeds.rb:120
  [1m[35m (0.2ms)[0m  [1m[35mBEGIN[0m
  ↳ db/seeds.rb:120
  [1m[36mQuote Create (0.3ms)[0m  [1m[32mINSERT INTO "quotes" ("author", "content", "category", "created_at", "updated_at") VALUES ($1, $2, $3, $4, $5) RETURNING "id"[0m  [["author", "Richard Powers"], ["content", "Nodes, clusters, trackbacks, memes... truth follows bandwidth, as sure as use follows invention."], ["category", "technology"], ["created_at", "2019-05-28 15:02:52.472188"], ["updated_at", "2019-05-28 15:02:52.472188"]]
  ↳ db/seeds.rb:120
  [1m[35m (2.3ms)[0m  [1m[35mCOMMIT[0m
  ↳ db/seeds.rb:120
  [1m[35m (0.2ms)[0m  [1m[35mBEGIN[0m
  ↳ db/seeds.rb:120
  [1m[36mQuote Create (0.3ms)[0m  [1m[32mINSERT INTO "quotes" ("author", "content", "category", "created_at", "updated_at") VALUES ($1, $2, $3, $4, $5) RETURNING "id"[0m  [["author", "Theodore Roethke"], ["content", "The feeling that one is on the edge of many things: that there are many worlds from which we are separated by only a film; that a flick of the wrist, a turn of the body another way will bring us to a new world."], ["category", "philosophical"], ["created_at", "2019-05-28 15:02:52.476703"], ["updated_at", "2019-05-28 15:02:52.476703"]]
  ↳ db/seeds.rb:120
  [1m[35m (2.1ms)[0m  [1m[35mCOMMIT[0m
  ↳ db/seeds.rb:120
  [1m[35m (0.1ms)[0m  [1m[35mBEGIN[0m
  ↳ db/seeds.rb:120
  [1m[36mQuote Create (0.3ms)[0m  [1m[32mINSERT INTO "quotes" ("author", "content", "category", "created_at", "updated_at") VALUES ($1, $2, $3, $4, $5) RETURNING "id"[0m  [["author", "Bruno Schulz"], ["content", "Reality is as thin as paper and betrays with all its cracks its imitative character."], ["category", "philosophical"], ["created_at", "2019-05-28 15:02:52.480648"], ["updated_at", "2019-05-28 15:02:52.480648"]]
  ↳ db/seeds.rb:120
  [1m[35m (2.3ms)[0m  [1m[35mCOMMIT[0m
  ↳ db/seeds.rb:120
  [1m[36mQuote Load (3.3ms)[0m  [1m[34mSELECT "quotes".* FROM "quotes"[0m
Started GET "/quotes" for ::1 at 2019-05-28 11:10:52 -0400
  
LoadError (Unable to autoload constant QuotesController, expected /Users/student_ga124/Desktop/GeneralAssembly/sei/unit04/lessons/react-on-rails-quotes-api/rails_quotes_api/app/controllers/quotes_controller.rb to define it):
  
activesupport (5.2.3) lib/active_support/dependencies.rb:511:in `load_missing_constant'
activesupport (5.2.3) lib/active_support/dependencies.rb:195:in `const_missing'
activesupport (5.2.3) lib/active_support/inflector/methods.rb:283:in `const_get'
activesupport (5.2.3) lib/active_support/inflector/methods.rb:283:in `block in constantize'
activesupport (5.2.3) lib/active_support/inflector/methods.rb:281:in `each'
activesupport (5.2.3) lib/active_support/inflector/methods.rb:281:in `inject'
activesupport (5.2.3) lib/active_support/inflector/methods.rb:281:in `constantize'
activesupport (5.2.3) lib/active_support/dependencies.rb:582:in `get'
activesupport (5.2.3) lib/active_support/dependencies.rb:613:in `constantize'
actionpack (5.2.3) lib/action_dispatch/http/request.rb:88:in `controller_class_for'
actionpack (5.2.3) lib/action_dispatch/http/parameters.rb:101:in `binary_params_for?'
actionpack (5.2.3) lib/action_dispatch/http/parameters.rb:92:in `set_binary_encoding'
actionpack (5.2.3) lib/action_dispatch/http/parameters.rb:69:in `path_parameters='
actionpack (5.2.3) lib/action_dispatch/journey/router.rb:50:in `block in serve'
actionpack (5.2.3) lib/action_dispatch/journey/router.rb:35:in `each'
actionpack (5.2.3) lib/action_dispatch/journey/router.rb:35:in `serve'
actionpack (5.2.3) lib/action_dispatch/routing/route_set.rb:840:in `call'
rack (2.0.7) lib/rack/etag.rb:25:in `call'
rack (2.0.7) lib/rack/conditional_get.rb:25:in `call'
rack (2.0.7) lib/rack/head.rb:12:in `call'
activerecord (5.2.3) lib/active_record/migration.rb:559:in `call'
actionpack (5.2.3) lib/action_dispatch/middleware/callbacks.rb:28:in `block in call'
activesupport (5.2.3) lib/active_support/callbacks.rb:98:in `run_callbacks'
actionpack (5.2.3) lib/action_dispatch/middleware/callbacks.rb:26:in `call'
actionpack (5.2.3) lib/action_dispatch/middleware/executor.rb:14:in `call'
actionpack (5.2.3) lib/action_dispatch/middleware/debug_exceptions.rb:61:in `call'
actionpack (5.2.3) lib/action_dispatch/middleware/show_exceptions.rb:33:in `call'
railties (5.2.3) lib/rails/rack/logger.rb:38:in `call_app'
railties (5.2.3) lib/rails/rack/logger.rb:26:in `block in call'
activesupport (5.2.3) lib/active_support/tagged_logging.rb:71:in `block in tagged'
activesupport (5.2.3) lib/active_support/tagged_logging.rb:28:in `tagged'
activesupport (5.2.3) lib/active_support/tagged_logging.rb:71:in `tagged'
railties (5.2.3) lib/rails/rack/logger.rb:26:in `call'
actionpack (5.2.3) lib/action_dispatch/middleware/remote_ip.rb:81:in `call'
actionpack (5.2.3) lib/action_dispatch/middleware/request_id.rb:27:in `call'
rack (2.0.7) lib/rack/runtime.rb:22:in `call'
activesupport (5.2.3) lib/active_support/cache/strategy/local_cache_middleware.rb:29:in `call'
actionpack (5.2.3) lib/action_dispatch/middleware/executor.rb:14:in `call'
actionpack (5.2.3) lib/action_dispatch/middleware/static.rb:127:in `call'
rack (2.0.7) lib/rack/sendfile.rb:111:in `call'
railties (5.2.3) lib/rails/engine.rb:524:in `call'
puma (3.12.1) lib/puma/configuration.rb:227:in `call'
puma (3.12.1) lib/puma/server.rb:660:in `handle_request'
puma (3.12.1) lib/puma/server.rb:474:in `process_client'
puma (3.12.1) lib/puma/server.rb:334:in `block in run'
puma (3.12.1) lib/puma/thread_pool.rb:135:in `block in spawn_thread'
Started GET "/quotes" for ::1 at 2019-05-28 11:11:04 -0400
Processing by QuotesController#index as HTML
  [1m[36mQuote Load (12.5ms)[0m  [1m[34mSELECT "quotes".* FROM "quotes"[0m
  ↳ app/controllers/quotes_controller.rb:4
Completed 200 OK in 46ms (Views: 16.8ms | ActiveRecord: 20.9ms)


Started GET "/quotes/1" for ::1 at 2019-05-28 11:15:39 -0400
Processing by QuotesController#show as HTML
  Parameters: {"id"=>"1"}
  [1m[36mQuote Load (0.3ms)[0m  [1m[34mSELECT  "quotes".* FROM "quotes" WHERE "quotes"."id" = $1 LIMIT $2[0m  [["id", 1], ["LIMIT", 1]]
  ↳ app/controllers/quotes_controller.rb:9
Completed 200 OK in 26ms (Views: 0.4ms | ActiveRecord: 6.6ms)


Started GET "/quotes/33" for ::1 at 2019-05-28 11:16:58 -0400
Processing by QuotesController#show as HTML
  Parameters: {"id"=>"33"}
  [1m[36mQuote Load (1.7ms)[0m  [1m[34mSELECT  "quotes".* FROM "quotes" WHERE "quotes"."id" = $1 LIMIT $2[0m  [["id", 33], ["LIMIT", 1]]
  ↳ app/controllers/quotes_controller.rb:9
Completed 404 Not Found in 4ms (Views: 0.2ms | ActiveRecord: 1.7ms)


Started GET "/quotes/13" for ::1 at 2019-05-28 11:17:02 -0400
Processing by QuotesController#show as HTML
  Parameters: {"id"=>"13"}
  [1m[36mQuote Load (0.6ms)[0m  [1m[34mSELECT  "quotes".* FROM "quotes" WHERE "quotes"."id" = $1 LIMIT $2[0m  [["id", 13], ["LIMIT", 1]]
  ↳ app/controllers/quotes_controller.rb:9
Completed 200 OK in 3ms (Views: 0.7ms | ActiveRecord: 0.6ms)


